16:03:58.013 [main] INFO  com.intuit.karate.Runner - using system property 'karate.options': --tags @auth
16:03:58.737 [main] DEBUG com.intuit.karate.Suite - [config] classpath:karate-config.js
16:03:58.748 [main] DEBUG com.intuit.karate.Suite - waiting for 5 features to complete
16:04:00.484 [pool-1-thread-1] INFO  com.intuit.karate - karate.env system property was: null 
16:04:00.842 [pool-1-thread-1] DEBUG com.intuit.karate - request:
1 > POST https://restful-booker.herokuapp.com/auth
1 > Content-Type: application/json; charset=UTF-8
1 > Content-Length: 45
1 > Host: restful-booker.herokuapp.com
1 > Connection: Keep-Alive
1 > User-Agent: Apache-HttpClient/4.5.13 (Java/1.8.0_202)
1 > Accept-Encoding: gzip,deflate
{"username":"admin","password":"password123"}

16:04:01.641 [pool-1-thread-1] DEBUG com.intuit.karate - response time in milliseconds: 797
1 < 200
1 < Server: Cowboy
1 < Connection: keep-alive
1 < X-Powered-By: Express
1 < Content-Type: application/json; charset=utf-8
1 < Content-Length: 27
1 < Etag: W/"1b-dGdCUJld5wI0JYQ4aF10lX8d8f8"
1 < Date: Wed, 18 Jan 2023 19:04:01 GMT
1 < Via: 1.1 vegur
{"token":"06c791aa0a447d0"}
16:04:02.297 [pool-2-thread-1] INFO  com.intuit.karate.Suite - <<pass>> feature 1 of 5 (4 remaining) classpath:integration/feature/Auth.feature
